<?xml version="1.0" encoding="UTF-8"?>
<!-- Generated by org.testng.reporters.JUnitReportReporter -->
<testsuite skipped="0" hostname="George-PC" name="BasicCarTest" tests="1" failures="0" timestamp="06 Jul 2018 19:44:11 GMT" time="2.548" errors="0">
  <testcase name="printHighesteRevenueGeneratedCar" time="2.548" classname="BasicCarTest"/>
</testsuite> <!-- BasicCarTest -->
